<?xml version="1.0" encoding="UTF-8"?>
<!-- Generated by org.testng.reporters.JUnitXMLReporter -->
<testsuite hostname="Mahesh-PC" ignored="0" name="Simple Test" tests="3" failures="0" timestamp="01 Mar 2019 16:37:02 GMT" time="67.173" errors="0">
  <testcase name="openBrowser" time="48.386" classname="login_setup.SetLogin"/>
  <testcase name="elementVerification" time="1.187" classname="login_setup.SetLogin"/>
  <testcase name="setLoginDetails" time="17.379" classname="login_setup.SetLogin"/>
</testsuite> <!-- Simple Test -->
