<?xml version="1.0" encoding="UTF-8"?>
<testng-results ignored="0" total="5" passed="5" failed="0" skipped="0">
  <reporter-output>
  </reporter-output>
  <suite started-at="2019-05-10T06:48:44Z" name="Products" finished-at="2019-05-10T06:49:11Z" duration-ms="27100">
    <groups>
    </groups>
    <test started-at="2019-05-10T06:48:44Z" name="log-in" finished-at="2019-05-10T06:48:56Z" duration-ms="11940">
      <class name="adminTC.LoginPage">
        <test-method signature="openBrowser(java.lang.String, java.lang.String)[pri:0, instance:adminTC.LoginPage@7c729a55]" started-at="2019-05-10T06:48:44Z" name="openBrowser" finished-at="2019-05-10T06:48:51Z" duration-ms="7470" status="PASS">
          <params>
            <param index="0">
              <value>
                <![CDATA[mozila]]>
              </value>
            </param>
            <param index="1">
              <value>
                <![CDATA[qa]]>
              </value>
            </param>
          </params>
          <reporter-output>
          </reporter-output>
        </test-method> <!-- openBrowser -->
        <test-method signature="setLoginDetails(java.lang.String, java.lang.String)[pri:2, instance:adminTC.LoginPage@7c729a55]" started-at="2019-05-10T06:48:51Z" name="setLoginDetails" finished-at="2019-05-10T06:48:52Z" duration-ms="859" status="PASS">
          <params>
            <param index="0">
              <value>
                <![CDATA[admin@znode.com]]>
              </value>
            </param>
            <param index="1">
              <value>
                <![CDATA[admin12345]]>
              </value>
            </param>
          </params>
          <reporter-output>
          </reporter-output>
        </test-method> <!-- setLoginDetails -->
        <test-method signature="clickLaterButton()[pri:3, instance:adminTC.LoginPage@7c729a55]" started-at="2019-05-10T06:48:52Z" name="clickLaterButton" finished-at="2019-05-10T06:48:56Z" duration-ms="3587" status="PASS">
          <reporter-output>
          </reporter-output>
        </test-method> <!-- clickLaterButton -->
      </class> <!-- adminTC.LoginPage -->
    </test> <!-- log-in -->
    <test started-at="2019-05-10T06:48:56Z" name="navigate" finished-at="2019-05-10T06:49:02Z" duration-ms="6322">
      <class name="adminTC.NavigateToProducts">
        <test-method signature="Navigate()[pri:1, instance:adminTC.NavigateToProducts@5158b42f]" started-at="2019-05-10T06:48:56Z" name="Navigate" finished-at="2019-05-10T06:49:02Z" duration-ms="6322" status="PASS">
          <reporter-output>
          </reporter-output>
        </test-method> <!-- Navigate -->
      </class> <!-- adminTC.NavigateToProducts -->
    </test> <!-- navigate -->
    <test started-at="2019-05-10T06:49:02Z" name="add-new-product" finished-at="2019-05-10T06:49:11Z" duration-ms="8813">
      <class name="adminTC.ProductsPage">
        <test-method signature="AddProduct()[pri:0, instance:adminTC.ProductsPage@3a93b025]" started-at="2019-05-10T06:49:02Z" name="AddProduct" finished-at="2019-05-10T06:49:11Z" duration-ms="8812" status="PASS">
          <reporter-output>
          </reporter-output>
        </test-method> <!-- AddProduct -->
      </class> <!-- adminTC.ProductsPage -->
    </test> <!-- add-new-product -->
  </suite> <!-- Products -->
</testng-results>
