<?xml version="1.0" encoding="UTF-8"?>
<!-- Generated by org.testng.reporters.JUnitXMLReporter -->
<testsuite ignored="0" hostname="ACD-002" failures="0" tests="3" name="log-in" time="14.971" errors="0" timestamp="11 Jul 2019 06:47:30 GMT">
  <testcase classname="adminTC.LoginPage" name="openBrowser" time="8.771"/>
  <testcase classname="adminTC.LoginPage" name="setLoginDetails" time="4.131"/>
  <testcase classname="adminTC.LoginPage" name="clickLaterButton" time="2.047"/>
</testsuite> <!-- log-in -->
