<?xml version="1.0" encoding="UTF-8"?>
<!-- Generated by org.testng.reporters.JUnitXMLReporter -->
<testsuite ignored="0" hostname="ACD-002" failures="0" tests="3" name="log-in" time="11.94" errors="0" timestamp="10 May 2019 06:48:56 GMT">
  <testcase classname="adminTC.LoginPage" name="openBrowser" time="7.47"/>
  <testcase classname="adminTC.LoginPage" name="setLoginDetails" time="0.859"/>
  <testcase classname="adminTC.LoginPage" name="clickLaterButton" time="3.587"/>
</testsuite> <!-- log-in -->
