<?xml version="1.0" encoding="UTF-8"?>
<!-- Generated by org.testng.reporters.JUnitXMLReporter -->
<testsuite hostname="Mahesh-PC" ignored="0" name="log-in" tests="17" failures="0" timestamp="07 Apr 2019 08:06:13 GMT" time="21.618" errors="0">
  <testcase name="openBrowser" time="12.476" classname="login.Login"/>
  <testcase name="elementVerification" time="1.034" classname="login.Login"/>
  <testcase name="setLoginDetails" time="2.208" classname="login.Login"/>
  <testcase name="verifySectionCount" time="0.08" classname="landing.Landing"/>
  <testcase name="verifyBoxesCount" time="0.741" classname="landing.Landing"/>
  <testcase name="verifyAllSections" time="1.028" classname="landing.Landing"/>
  <testcase name="verifyAllTiles" time="1.012" classname="landing.Landing"/>
  <testcase name="boxForSection" time="0.329" classname="landing.Landing"/>
  <testcase name="selectTile" time="1.831" classname="landing.Landing"/>
  <testcase name="isinDraggable" time="0.078" classname="interaction.Draggable"/>
  <testcase name="selectFeature" time="0.105" classname="interaction.Draggable"/>
  <testcase name="dragMeAround" time="0.001" classname="interaction.Draggable">
    <skipped/>
  </testcase> <!-- dragMeAround -->
  <testcase name="verticalDragOnly" time="0.002" classname="interaction.Draggable">
    <skipped/>
  </testcase> <!-- verticalDragOnly -->
  <testcase name="horzontalDragOnly" time="0.001" classname="interaction.Draggable">
    <skipped/>
  </testcase> <!-- horzontalDragOnly -->
  <testcase name="dragWithInBox" time="0.002" classname="interaction.Draggable">
    <skipped/>
  </testcase> <!-- dragWithInBox -->
  <testcase name="dragContainedParent" time="0.001" classname="interaction.Draggable">
    <skipped/>
  </testcase> <!-- dragContainedParent -->
  <testcase name="centerCursorDrag" time="0.578" classname="interaction.CursorStyle"/>
</testsuite> <!-- log-in -->
